app/build/intermediates/manifest_merge_blame_file/debug/manifest-merger-blame-debug-report.txt
1<?xml version="1.0" encoding="utf-8"?>
2<manifest xmlns:android="http://schemas.android.com/apk/res/android"
3    package="com.couchbase.userprofile.standalone"
4    android:installLocation="auto"
5    android:versionCode="1"
6    android:versionName="1.0" >
7
8    <uses-sdk
9        android:minSdkVersion="22"
9-->src/main/AndroidManifest.xml
10        android:targetSdkVersion="33" />
10-->src/main/AndroidManifest.xml
11    <!-- To auto-complete the email text field in the login form with the user's emails -->
12    <uses-permission android:name="android.permission.GET_ACCOUNTS" />
12-->src/main/AndroidManifest.xml:5:5-71
12-->src/main/AndroidManifest.xml:5:22-68
13    <uses-permission android:name="android.permission.READ_PROFILE" />
13-->src/main/AndroidManifest.xml:6:5-71
13-->src/main/AndroidManifest.xml:6:22-68
14    <uses-permission android:name="android.permission.READ_CONTACTS" />
14-->src/main/AndroidManifest.xml:7:5-72
14-->src/main/AndroidManifest.xml:7:22-69
15    <uses-permission android:name="android.permission.REORDER_TASKS" />
15-->[androidx.test:core:1.5.0] AndroidManifest.xml:24:5-72
15-->[androidx.test:core:1.5.0] AndroidManifest.xml:24:22-69
16    <uses-permission android:name="android.permission.INTERNET" />
16-->[com.couchbase.lite:couchbase-lite-android-ee:3.0.5] AndroidManifest.xml:26:5-67
16-->[com.couchbase.lite:couchbase-lite-android-ee:3.0.5] AndroidManifest.xml:26:22-64
17    <uses-permission android:name="android.permission.ACCESS_NETWORK_STATE" />
17-->[com.couchbase.lite:couchbase-lite-android-ee:3.0.5] AndroidManifest.xml:27:5-79
17-->[com.couchbase.lite:couchbase-lite-android-ee:3.0.5] AndroidManifest.xml:27:22-76
18    <uses-permission android:name="android.permission.WRITE_EXTERNAL_STORAGE" />
18-->[com.couchbase.lite:couchbase-lite-android-ee:3.0.5] AndroidManifest.xml:28:5-81
18-->[com.couchbase.lite:couchbase-lite-android-ee:3.0.5] AndroidManifest.xml:28:22-78
19    <uses-permission android:name="android.permission.READ_EXTERNAL_STORAGE" />
19-->[com.couchbase.lite:couchbase-lite-android-ee:3.0.5] AndroidManifest.xml:29:5-80
19-->[com.couchbase.lite:couchbase-lite-android-ee:3.0.5] AndroidManifest.xml:29:22-77
20
21    <application
21-->src/main/AndroidManifest.xml:10:5-28:19
22        android:allowBackup="false"
22-->src/main/AndroidManifest.xml:11:9-36
23        android:appComponentFactory="androidx.core.app.CoreComponentFactory"
23-->[androidx.core:core:1.8.0] AndroidManifest.xml:24:18-86
24        android:debuggable="true"
25        android:icon="@mipmap/ic_launcher"
25-->src/main/AndroidManifest.xml:12:9-43
26        android:label="@string/app_name"
26-->src/main/AndroidManifest.xml:13:9-41
27        android:roundIcon="@mipmap/ic_launcher_round"
27-->src/main/AndroidManifest.xml:14:9-54
28        android:supportsRtl="true"
28-->src/main/AndroidManifest.xml:15:9-35
29        android:testOnly="true"
30        android:theme="@style/AppTheme" >
30-->src/main/AndroidManifest.xml:16:9-40
31        <activity
31-->src/main/AndroidManifest.xml:17:9-26:20
32            android:name="com.couchbase.userprofile.login.LoginActivity"
32-->src/main/AndroidManifest.xml:18:13-48
33            android:exported="true"
33-->src/main/AndroidManifest.xml:21:13-36
34            android:label="@string/app_name"
34-->src/main/AndroidManifest.xml:19:13-45
35            android:theme="@style/Theme.AppCompat.Light.NoActionBar" >
35-->src/main/AndroidManifest.xml:20:13-69
36            <intent-filter>
36-->src/main/AndroidManifest.xml:22:13-25:29
37                <action android:name="android.intent.action.MAIN" />
37-->src/main/AndroidManifest.xml:23:17-69
37-->src/main/AndroidManifest.xml:23:25-66
38
39                <category android:name="android.intent.category.LAUNCHER" />
39-->src/main/AndroidManifest.xml:24:17-77
39-->src/main/AndroidManifest.xml:24:27-74
40            </intent-filter>
41        </activity>
42        <activity android:name="com.couchbase.userprofile.profile.UserProfileActivity" />
42-->src/main/AndroidManifest.xml:27:9-65
42-->src/main/AndroidManifest.xml:27:19-62
43        <activity
43-->[androidx.test:core:1.5.0] AndroidManifest.xml:27:9-34:20
44            android:name="androidx.test.core.app.InstrumentationActivityInvoker$BootstrapActivity"
44-->[androidx.test:core:1.5.0] AndroidManifest.xml:28:13-99
45            android:exported="true"
45-->[androidx.test:core:1.5.0] AndroidManifest.xml:29:13-36
46            android:theme="@style/WhiteBackgroundTheme" >
46-->[androidx.test:core:1.5.0] AndroidManifest.xml:30:13-56
47            <intent-filter android:priority="-100" >
47-->[androidx.test:core:1.5.0] AndroidManifest.xml:31:13-33:29
47-->[androidx.test:core:1.5.0] AndroidManifest.xml:31:28-51
48                <category android:name="android.intent.category.LAUNCHER" />
48-->src/main/AndroidManifest.xml:24:17-77
48-->src/main/AndroidManifest.xml:24:27-74
49            </intent-filter>
50        </activity>
51        <activity
51-->[androidx.test:core:1.5.0] AndroidManifest.xml:35:9-42:20
52            android:name="androidx.test.core.app.InstrumentationActivityInvoker$EmptyActivity"
52-->[androidx.test:core:1.5.0] AndroidManifest.xml:36:13-95
53            android:exported="true"
53-->[androidx.test:core:1.5.0] AndroidManifest.xml:37:13-36
54            android:theme="@style/WhiteBackgroundTheme" >
54-->[androidx.test:core:1.5.0] AndroidManifest.xml:38:13-56
55            <intent-filter android:priority="-100" >
55-->[androidx.test:core:1.5.0] AndroidManifest.xml:31:13-33:29
55-->[androidx.test:core:1.5.0] AndroidManifest.xml:31:28-51
56                <category android:name="android.intent.category.LAUNCHER" />
56-->src/main/AndroidManifest.xml:24:17-77
56-->src/main/AndroidManifest.xml:24:27-74
57            </intent-filter>
58        </activity>
59        <activity
59-->[androidx.test:core:1.5.0] AndroidManifest.xml:43:9-50:20
60            android:name="androidx.test.core.app.InstrumentationActivityInvoker$EmptyFloatingActivity"
60-->[androidx.test:core:1.5.0] AndroidManifest.xml:44:13-103
61            android:exported="true"
61-->[androidx.test:core:1.5.0] AndroidManifest.xml:45:13-36
62            android:theme="@style/WhiteBackgroundDialogTheme" >
62-->[androidx.test:core:1.5.0] AndroidManifest.xml:46:13-62
63            <intent-filter android:priority="-100" >
63-->[androidx.test:core:1.5.0] AndroidManifest.xml:31:13-33:29
63-->[androidx.test:core:1.5.0] AndroidManifest.xml:31:28-51
64                <category android:name="android.intent.category.LAUNCHER" />
64-->src/main/AndroidManifest.xml:24:17-77
64-->src/main/AndroidManifest.xml:24:27-74
65            </intent-filter>
66        </activity>
67
68        <provider
68-->[androidx.emoji2:emoji2:1.2.0] AndroidManifest.xml:24:9-32:20
69            android:name="androidx.startup.InitializationProvider"
69-->[androidx.emoji2:emoji2:1.2.0] AndroidManifest.xml:25:13-67
70            android:authorities="com.couchbase.userprofile.standalone.androidx-startup"
70-->[androidx.emoji2:emoji2:1.2.0] AndroidManifest.xml:26:13-68
71            android:exported="false" >
71-->[androidx.emoji2:emoji2:1.2.0] AndroidManifest.xml:27:13-37
72            <meta-data
72-->[androidx.emoji2:emoji2:1.2.0] AndroidManifest.xml:29:13-31:52
73                android:name="androidx.emoji2.text.EmojiCompatInitializer"
73-->[androidx.emoji2:emoji2:1.2.0] AndroidManifest.xml:30:17-75
74                android:value="androidx.startup" />
74-->[androidx.emoji2:emoji2:1.2.0] AndroidManifest.xml:31:17-49
75            <meta-data
75-->[androidx.lifecycle:lifecycle-process:2.4.1] AndroidManifest.xml:31:13-33:52
76                android:name="androidx.lifecycle.ProcessLifecycleInitializer"
76-->[androidx.lifecycle:lifecycle-process:2.4.1] AndroidManifest.xml:32:17-78
77                android:value="androidx.startup" />
77-->[androidx.lifecycle:lifecycle-process:2.4.1] AndroidManifest.xml:33:17-49
78        </provider>
79    </application>
80
81</manifest>